<?xml version="1.0" encoding="UTF-8"?>
<testsuites name="jest tests" tests="9" failures="0" errors="0" time="3.022">
  <testsuite name="src/__tests__/sample.test.js" errors="0" failures="0" skipped="0" timestamp="2024-09-26T00:16:14" time="1.803" tests="3">
    <testcase classname="1." name="render initial selected tab content" time="0.039">
    </testcase>
    <testcase classname="1." name="render only selected tab content" time="0.025">
    </testcase>
    <testcase classname="1." name="click on another tab should open that tab" time="0.102">
    </testcase>
  </testsuite>
  <testsuite name="src/__tests__/main.test.js" errors="0" failures="0" skipped="0" timestamp="2024-09-26T00:16:14" time="2.063" tests="6">
    <testcase classname="1." name="render initial selected tab content" time="0.042">
    </testcase>
    <testcase classname="1." name="render only selected tab content" time="0.025">
    </testcase>
    <testcase classname="1." name="click on another tab should open that tab" time="0.096">
    </testcase>
    <testcase classname="2." name="render only selected tab content" time="0.009">
    </testcase>
    <testcase classname="2." name="new tab should open if initialSelectedTab gets changed" time="0.046">
    </testcase>
    <testcase classname="2." name="should render all tab titles" time="0.008">
    </testcase>
  </testsuite>
</testsuites>